TN:
SF:src\app\app.component.ts
FNF:0
FNH:0
DA:8,1
DA:9,3
LF:2
LH:2
BRF:0
BRH:0
end_of_record
TN:
SF:src\app\services\order\order.service.ts
FN:13,(anonymous_0)
FN:15,(anonymous_1)
FN:19,(anonymous_2)
FN:23,(anonymous_3)
FNF:4
FNH:4
FNDA:3,(anonymous_0)
FNDA:1,(anonymous_1)
FNDA:1,(anonymous_2)
FNDA:1,(anonymous_3)
DA:10,1
DA:11,3
DA:13,3
DA:16,1
DA:20,1
DA:24,1
LF:6
LH:6
BRF:0
BRH:0
end_of_record
TN:
SF:src\app\services\order\order-models\order-status.enum.ts
FN:1,(anonymous_0)
FNF:1
FNH:1
FNDA:1,(anonymous_0)
DA:1,1
DA:2,1
DA:3,1
DA:4,1
DA:5,1
LF:5
LH:5
BRDA:1,0,0,1
BRDA:1,0,1,1
BRF:2
BRH:2
end_of_record
TN:
SF:src\app\services\payment\payment.service.ts
FN:12,(anonymous_0)
FN:14,(anonymous_1)
FN:18,(anonymous_2)
FNF:3
FNH:3
FNDA:2,(anonymous_0)
FNDA:1,(anonymous_1)
FNDA:1,(anonymous_2)
DA:9,1
DA:10,2
DA:12,2
DA:15,1
DA:19,1
LF:5
LH:5
BRF:0
BRH:0
end_of_record
TN:
SF:src\app\services\payment\payment-models\payment-status.enum.ts
FN:1,(anonymous_0)
FNF:1
FNH:1
FNDA:1,(anonymous_0)
DA:1,1
DA:2,1
DA:3,1
DA:4,1
LF:4
LH:4
BRDA:1,0,0,1
BRDA:1,0,1,1
BRF:2
BRH:2
end_of_record
TN:
SF:src\app\utils\http-client.ts
FN:9,(anonymous_0)
FN:16,(anonymous_1)
FN:26,(anonymous_2)
FN:36,(anonymous_3)
FN:45,(anonymous_4)
FNF:5
FNH:4
FNDA:6,(anonymous_0)
FNDA:2,(anonymous_1)
FNDA:5,(anonymous_2)
FNDA:1,(anonymous_3)
FNDA:0,(anonymous_4)
DA:8,1
DA:9,6
DA:17,2
DA:27,5
DA:37,1
DA:46,0
LF:6
LH:5
BRF:0
BRH:0
end_of_record
TN:
SF:src\environments\environment.ts
FNF:0
FNH:0
DA:1,1
LF:1
LH:1
BRDA:5,0,0,1
BRDA:5,0,1,1
BRDA:5,1,0,1
BRDA:5,1,1,0
BRDA:5,2,0,1
BRDA:5,2,1,1
BRDA:5,3,0,0
BRDA:5,3,1,1
BRDA:5,4,0,1
BRDA:5,4,1,1
BRDA:6,5,0,1
BRDA:6,5,1,1
BRDA:6,6,0,1
BRDA:6,6,1,0
BRDA:6,7,0,1
BRDA:6,7,1,1
BRDA:6,8,0,0
BRDA:6,8,1,1
BRDA:6,9,0,1
BRDA:6,9,1,1
BRF:20
BRH:16
end_of_record
